  LevelEditor.cpp
D:\Projects\Mario Worker Ultimate\Mario Worker Ultimate\LevelEditor.cpp(636,5): warning C4065: switch statement contains 'default' but no 'case' labels
D:\Projects\Mario Worker Ultimate\Mario Worker Ultimate\LevelEditor.cpp(645,5): warning C4065: switch statement contains 'default' but no 'case' labels
D:\Projects\Mario Worker Ultimate\Mario Worker Ultimate\LevelEditor.cpp(654,5): warning C4065: switch statement contains 'default' but no 'case' labels
D:\Projects\Mario Worker Ultimate\Mario Worker Ultimate\LevelEditor.cpp(663,5): warning C4065: switch statement contains 'default' but no 'case' labels
D:\Projects\Mario Worker Ultimate\Mario Worker Ultimate\LevelEditor.cpp(672,5): warning C4065: switch statement contains 'default' but no 'case' labels
D:\Projects\Mario Worker Ultimate\Mario Worker Ultimate\LevelEditor.cpp(805,5): warning C4065: switch statement contains 'default' but no 'case' labels
D:\Projects\Mario Worker Ultimate\Mario Worker Ultimate\LevelEditor.cpp(815,5): warning C4065: switch statement contains 'default' but no 'case' labels
D:\Projects\Mario Worker Ultimate\Mario Worker Ultimate\LevelEditor.cpp(824,5): warning C4065: switch statement contains 'default' but no 'case' labels
D:\Projects\Mario Worker Ultimate\Mario Worker Ultimate\LevelEditor.cpp(833,5): warning C4065: switch statement contains 'default' but no 'case' labels
D:\Projects\Mario Worker Ultimate\Mario Worker Ultimate\LevelEditor.cpp(842,5): warning C4065: switch statement contains 'default' but no 'case' labels
D:\Projects\Mario Worker Ultimate\Mario Worker Ultimate\Slider.hpp(30,22): warning C4244: 'return': conversion from '_Ty' to 'N', possible loss of data
          with
          [
              _Ty=double
          ]
          and
          [
              N=int
          ]
D:\Projects\Mario Worker Ultimate\Mario Worker Ultimate\LevelEditor.cpp(866): message : see reference to function template instantiation 'N Slider::GetValue<int>(void)' being compiled
          with
          [
              N=int
          ]
  Mario Worker Ultimate.vcxproj -> D:\Projects\Mario Worker Ultimate\Debug\Mario Worker Ultimate.exe
